Copyright 1986-2022 Xilinx, Inc. All Rights Reserved. Copyright 2022-2023 Advanced Micro Devices, Inc. All Rights Reserved.
------------------------------------------------------------------------------------------------------------------------------------------------------------------------------------------------------------------------------------
| Tool Version : Vivado v.2023.2 (lin64) Build 4029153 Fri Oct 13 20:13:54 MDT 2023
| Date         : Sat Mar 14 16:02:13 2026
| Host         : muxen2-111.ad.liu.se running 64-bit Red Hat Enterprise Linux release 8.10 (Ootpa)
| Command      : report_timing_summary -max_paths 10 -report_unconstrained -file tt_um_example_timing_summary_routed.rpt -pb tt_um_example_timing_summary_routed.pb -rpx tt_um_example_timing_summary_routed.rpx -warn_on_violation
| Design       : tt_um_example
| Device       : 7a35t-cpg236
| Speed File   : -1  PRODUCTION 1.23 2018-06-13
| Design State : Routed
------------------------------------------------------------------------------------------------------------------------------------------------------------------------------------------------------------------------------------

Timing Summary Report

------------------------------------------------------------------------------------------------
| Timer Settings
| --------------
------------------------------------------------------------------------------------------------

  Enable Multi Corner Analysis               :  Yes
  Enable Pessimism Removal                   :  Yes
  Pessimism Removal Resolution               :  Nearest Common Node
  Enable Input Delay Default Clock           :  No
  Enable Preset / Clear Arcs                 :  No
  Disable Flight Delays                      :  No
  Ignore I/O Paths                           :  No
  Timing Early Launch at Borrowing Latches   :  No
  Borrow Time for Max Delay Exceptions       :  Yes
  Merge Timing Exceptions                    :  Yes
  Inter-SLR Compensation                     :  Conservative

  Corner  Analyze    Analyze    
  Name    Max Paths  Min Paths  
  ------  ---------  ---------  
  Slow    Yes        Yes        
  Fast    Yes        Yes        


------------------------------------------------------------------------------------------------
| Report Methodology
| ------------------
------------------------------------------------------------------------------------------------

Rule       Severity          Description                  Violations  
---------  ----------------  ---------------------------  ----------  
TIMING-17  Critical Warning  Non-clocked sequential cell  78          

Note: This report is based on the most recent report_methodology run and may not be up-to-date. Run report_methodology on the current design for the latest report.



check_timing report

Table of Contents
-----------------
1. checking no_clock (78)
2. checking constant_clock (0)
3. checking pulse_width_clock (0)
4. checking unconstrained_internal_endpoints (150)
5. checking no_input_delay (5)
6. checking no_output_delay (6)
7. checking multiple_clock (0)
8. checking generated_clocks (0)
9. checking loops (0)
10. checking partial_input_delay (0)
11. checking partial_output_delay (0)
12. checking latch_loops (0)

1. checking no_clock (78)
-------------------------
 There are 78 register/latch pins with no clock driven by root clock pin: clk (HIGH)


2. checking constant_clock (0)
------------------------------
 There are 0 register/latch pins with constant_clock.


3. checking pulse_width_clock (0)
---------------------------------
 There are 0 register/latch pins which need pulse_width check


4. checking unconstrained_internal_endpoints (150)
--------------------------------------------------
 There are 150 pins that are not constrained for maximum delay. (HIGH)

 There are 0 pins that are not constrained for maximum delay due to constant clock.


5. checking no_input_delay (5)
------------------------------
 There are 5 input ports with no input delay specified. (HIGH)

 There are 0 input ports with no input delay but user has a false path constraint.


6. checking no_output_delay (6)
-------------------------------
 There are 6 ports with no output delay specified. (HIGH)

 There are 0 ports with no output delay but user has a false path constraint

 There are 0 ports with no output delay but with a timing clock defined on it or propagating through it


7. checking multiple_clock (0)
------------------------------
 There are 0 register/latch pins with multiple clocks.


8. checking generated_clocks (0)
--------------------------------
 There are 0 generated clocks that are not connected to a clock source.


9. checking loops (0)
---------------------
 There are 0 combinational loops in the design.


10. checking partial_input_delay (0)
------------------------------------
 There are 0 input ports with partial input delay specified.


11. checking partial_output_delay (0)
-------------------------------------
 There are 0 ports with partial output delay specified.


12. checking latch_loops (0)
----------------------------
 There are 0 combinational latch loops in the design through latch input



------------------------------------------------------------------------------------------------
| Design Timing Summary
| ---------------------
------------------------------------------------------------------------------------------------

    WNS(ns)      TNS(ns)  TNS Failing Endpoints  TNS Total Endpoints      WHS(ns)      THS(ns)  THS Failing Endpoints  THS Total Endpoints     WPWS(ns)     TPWS(ns)  TPWS Failing Endpoints  TPWS Total Endpoints  
    -------      -------  ---------------------  -------------------      -------      -------  ---------------------  -------------------     --------     --------  ----------------------  --------------------  
        inf        0.000                      0                  156          inf        0.000                      0                  156           NA           NA                      NA                    NA  


There are no user specified timing constraints.


------------------------------------------------------------------------------------------------
| Clock Summary
| -------------
------------------------------------------------------------------------------------------------


------------------------------------------------------------------------------------------------
| Intra Clock Table
| -----------------
------------------------------------------------------------------------------------------------

Clock             WNS(ns)      TNS(ns)  TNS Failing Endpoints  TNS Total Endpoints      WHS(ns)      THS(ns)  THS Failing Endpoints  THS Total Endpoints     WPWS(ns)     TPWS(ns)  TPWS Failing Endpoints  TPWS Total Endpoints  
-----             -------      -------  ---------------------  -------------------      -------      -------  ---------------------  -------------------     --------     --------  ----------------------  --------------------  


------------------------------------------------------------------------------------------------
| Inter Clock Table
| -----------------
------------------------------------------------------------------------------------------------

From Clock    To Clock          WNS(ns)      TNS(ns)  TNS Failing Endpoints  TNS Total Endpoints      WHS(ns)      THS(ns)  THS Failing Endpoints  THS Total Endpoints  
----------    --------          -------      -------  ---------------------  -------------------      -------      -------  ---------------------  -------------------  


------------------------------------------------------------------------------------------------
| Other Path Groups Table
| -----------------------
------------------------------------------------------------------------------------------------

Path Group    From Clock    To Clock          WNS(ns)      TNS(ns)  TNS Failing Endpoints  TNS Total Endpoints      WHS(ns)      THS(ns)  THS Failing Endpoints  THS Total Endpoints  
----------    ----------    --------          -------      -------  ---------------------  -------------------      -------      -------  ---------------------  -------------------  


------------------------------------------------------------------------------------------------
| User Ignored Path Table
| -----------------------
------------------------------------------------------------------------------------------------

Path Group    From Clock    To Clock    
----------    ----------    --------    


------------------------------------------------------------------------------------------------
| Unconstrained Path Table
| ------------------------
------------------------------------------------------------------------------------------------

Path Group    From Clock    To Clock    
----------    ----------    --------    
(none)                                    


------------------------------------------------------------------------------------------------
| Timing Details
| --------------
------------------------------------------------------------------------------------------------


--------------------------------------------------------------------------------------
Path Group:  (none)
From Clock:  
  To Clock:  

Max Delay           156 Endpoints
Min Delay           156 Endpoints
--------------------------------------------------------------------------------------


Max Delay Paths
--------------------------------------------------------------------------------------
Slack:                    inf
  Source:                 main_KYPD_encoder/timer_reg[16]/C
                            (rising edge-triggered cell FDRE)
  Destination:            main_KYPD_encoder/key_i_reg[3]/D
  Path Group:             (none)
  Path Type:              Max at Slow Process Corner
  Data Path Delay:        7.415ns  (logic 1.430ns (19.285%)  route 5.985ns (80.715%))
  Logic Levels:           7  (FDRE=1 LUT5=2 LUT6=4)

    Location             Delay type                Incr(ns)  Path(ns)    Netlist Resource(s)
  -------------------------------------------------------------------    -------------------
    SLICE_X4Y13          FDRE                         0.000     0.000 r  main_KYPD_encoder/timer_reg[16]/C
    SLICE_X4Y13          FDRE (Prop_fdre_C_Q)         0.456     0.456 r  main_KYPD_encoder/timer_reg[16]/Q
                         net (fo=11, routed)          1.508     1.964    main_KYPD_encoder/timer_reg[16]
    SLICE_X6Y11          LUT6 (Prop_lut6_I5_O)        0.124     2.088 r  main_KYPD_encoder/timer[0]_i_7/O
                         net (fo=2, routed)           0.827     2.915    main_KYPD_encoder/timer[0]_i_7_n_0
    SLICE_X3Y11          LUT5 (Prop_lut5_I4_O)        0.152     3.067 r  main_KYPD_encoder/timer[0]_i_4/O
                         net (fo=3, routed)           0.502     3.569    main_KYPD_encoder/timer[0]_i_4_n_0
    SLICE_X2Y11          LUT6 (Prop_lut6_I4_O)        0.326     3.895 r  main_KYPD_encoder/key_i[3]_i_11/O
                         net (fo=1, routed)           1.145     5.040    main_KYPD_encoder/key_i[3]_i_11_n_0
    SLICE_X2Y8           LUT6 (Prop_lut6_I3_O)        0.124     5.164 r  main_KYPD_encoder/key_i[3]_i_3/O
                         net (fo=2, routed)           0.942     6.106    main_KYPD_encoder/key_i[3]_i_3_n_0
    SLICE_X1Y9           LUT6 (Prop_lut6_I4_O)        0.124     6.230 r  main_KYPD_encoder/key_i[3]_i_4/O
                         net (fo=1, routed)           0.561     6.791    main_KYPD_encoder/key_i[3]_i_4_n_0
    SLICE_X2Y9           LUT5 (Prop_lut5_I4_O)        0.124     6.915 r  main_KYPD_encoder/key_i[3]_i_1/O
                         net (fo=1, routed)           0.500     7.415    main_KYPD_encoder/key_i[3]_i_1_n_0
    SLICE_X2Y8           FDRE                                         r  main_KYPD_encoder/key_i_reg[3]/D
  -------------------------------------------------------------------    -------------------

Slack:                    inf
  Source:                 main_KYPD_encoder/timer_reg[16]/C
                            (rising edge-triggered cell FDRE)
  Destination:            main_KYPD_encoder/key_i_reg[2]/D
  Path Group:             (none)
  Path Type:              Max at Slow Process Corner
  Data Path Delay:        6.872ns  (logic 1.430ns (20.809%)  route 5.442ns (79.191%))
  Logic Levels:           7  (FDRE=1 LUT5=1 LUT6=5)

    Location             Delay type                Incr(ns)  Path(ns)    Netlist Resource(s)
  -------------------------------------------------------------------    -------------------
    SLICE_X4Y13          FDRE                         0.000     0.000 r  main_KYPD_encoder/timer_reg[16]/C
    SLICE_X4Y13          FDRE (Prop_fdre_C_Q)         0.456     0.456 r  main_KYPD_encoder/timer_reg[16]/Q
                         net (fo=11, routed)          1.508     1.964    main_KYPD_encoder/timer_reg[16]
    SLICE_X6Y11          LUT6 (Prop_lut6_I5_O)        0.124     2.088 r  main_KYPD_encoder/timer[0]_i_7/O
                         net (fo=2, routed)           0.827     2.915    main_KYPD_encoder/timer[0]_i_7_n_0
    SLICE_X3Y11          LUT5 (Prop_lut5_I4_O)        0.152     3.067 r  main_KYPD_encoder/timer[0]_i_4/O
                         net (fo=3, routed)           0.900     3.967    main_KYPD_encoder/timer[0]_i_4_n_0
    SLICE_X2Y11          LUT6 (Prop_lut6_I4_O)        0.326     4.293 r  main_KYPD_encoder/key[3]_i_3/O
                         net (fo=7, routed)           1.045     5.338    main_KYPD_encoder/key[3]_i_3_n_0
    SLICE_X2Y9           LUT6 (Prop_lut6_I5_O)        0.124     5.462 r  main_KYPD_encoder/key_i[2]_i_7/O
                         net (fo=1, routed)           0.495     5.957    main_KYPD_encoder/key_i[2]_i_7_n_0
    SLICE_X3Y9           LUT6 (Prop_lut6_I4_O)        0.124     6.081 r  main_KYPD_encoder/key_i[2]_i_3/O
                         net (fo=1, routed)           0.667     6.748    main_KYPD_encoder/key_i[2]_i_3_n_0
    SLICE_X3Y9           LUT6 (Prop_lut6_I3_O)        0.124     6.872 r  main_KYPD_encoder/key_i[2]_i_1/O
                         net (fo=1, routed)           0.000     6.872    main_KYPD_encoder/key_i[2]_i_1_n_0
    SLICE_X3Y9           FDRE                                         r  main_KYPD_encoder/key_i_reg[2]/D
  -------------------------------------------------------------------    -------------------

Slack:                    inf
  Source:                 main_KYPD_encoder/timer_reg[19]/C
                            (rising edge-triggered cell FDRE)
  Destination:            main_KYPD_encoder/key_i_reg[1]/D
  Path Group:             (none)
  Path Type:              Max at Slow Process Corner
  Data Path Delay:        6.684ns  (logic 1.430ns (21.396%)  route 5.254ns (78.604%))
  Logic Levels:           7  (FDRE=1 LUT2=1 LUT3=1 LUT5=1 LUT6=3)

    Location             Delay type                Incr(ns)  Path(ns)    Netlist Resource(s)
  -------------------------------------------------------------------    -------------------
    SLICE_X4Y13          FDRE                         0.000     0.000 r  main_KYPD_encoder/timer_reg[19]/C
    SLICE_X4Y13          FDRE (Prop_fdre_C_Q)         0.456     0.456 r  main_KYPD_encoder/timer_reg[19]/Q
                         net (fo=2, routed)           1.244     1.700    main_KYPD_encoder/timer_reg[19]
    SLICE_X5Y9           LUT6 (Prop_lut6_I1_O)        0.124     1.824 r  main_KYPD_encoder/key[3]_i_4/O
                         net (fo=6, routed)           0.677     2.501    main_KYPD_encoder/key[3]_i_4_n_0
    SLICE_X5Y9           LUT2 (Prop_lut2_I0_O)        0.124     2.625 r  main_KYPD_encoder/timer[0]_i_3/O
                         net (fo=5, routed)           0.788     3.412    main_KYPD_encoder/timer[0]_i_3_n_0
    SLICE_X2Y9           LUT3 (Prop_lut3_I2_O)        0.150     3.562 r  main_KYPD_encoder/key_i[2]_i_10/O
                         net (fo=3, routed)           0.745     4.307    main_KYPD_encoder/key_i[2]_i_10_n_0
    SLICE_X3Y12          LUT6 (Prop_lut6_I5_O)        0.328     4.635 r  main_KYPD_encoder/key_i[3]_i_5/O
                         net (fo=1, routed)           0.832     5.467    main_KYPD_encoder/key_i[3]_i_5_n_0
    SLICE_X5Y12          LUT6 (Prop_lut6_I0_O)        0.124     5.591 r  main_KYPD_encoder/key_i[3]_i_2/O
                         net (fo=2, routed)           0.968     6.560    main_KYPD_encoder/key_i[3]_i_2_n_0
    SLICE_X3Y9           LUT5 (Prop_lut5_I4_O)        0.124     6.684 r  main_KYPD_encoder/key_i[1]_i_1/O
                         net (fo=1, routed)           0.000     6.684    main_KYPD_encoder/key_i[1]_i_1_n_0
    SLICE_X3Y9           FDRE                                         r  main_KYPD_encoder/key_i_reg[1]/D
  -------------------------------------------------------------------    -------------------

Slack:                    inf
  Source:                 main_KYPD_encoder/timer_reg[16]/C
                            (rising edge-triggered cell FDRE)
  Destination:            main_KYPD_encoder/key_i_reg[4]/D
  Path Group:             (none)
  Path Type:              Max at Slow Process Corner
  Data Path Delay:        6.353ns  (logic 1.306ns (20.558%)  route 5.047ns (79.442%))
  Logic Levels:           6  (FDRE=1 LUT5=1 LUT6=4)

    Location             Delay type                Incr(ns)  Path(ns)    Netlist Resource(s)
  -------------------------------------------------------------------    -------------------
    SLICE_X4Y13          FDRE                         0.000     0.000 r  main_KYPD_encoder/timer_reg[16]/C
    SLICE_X4Y13          FDRE (Prop_fdre_C_Q)         0.456     0.456 r  main_KYPD_encoder/timer_reg[16]/Q
                         net (fo=11, routed)          1.508     1.964    main_KYPD_encoder/timer_reg[16]
    SLICE_X6Y11          LUT6 (Prop_lut6_I5_O)        0.124     2.088 r  main_KYPD_encoder/timer[0]_i_7/O
                         net (fo=2, routed)           0.827     2.915    main_KYPD_encoder/timer[0]_i_7_n_0
    SLICE_X3Y11          LUT5 (Prop_lut5_I4_O)        0.152     3.067 r  main_KYPD_encoder/timer[0]_i_4/O
                         net (fo=3, routed)           0.900     3.967    main_KYPD_encoder/timer[0]_i_4_n_0
    SLICE_X2Y11          LUT6 (Prop_lut6_I4_O)        0.326     4.293 r  main_KYPD_encoder/key[3]_i_3/O
                         net (fo=7, routed)           1.005     5.299    main_KYPD_encoder/key[3]_i_3_n_0
    SLICE_X2Y8           LUT6 (Prop_lut6_I3_O)        0.124     5.423 r  main_KYPD_encoder/key_i[4]_i_2/O
                         net (fo=1, routed)           0.806     6.229    main_KYPD_encoder/key_i[4]_i_2_n_0
    SLICE_X1Y9           LUT6 (Prop_lut6_I4_O)        0.124     6.353 r  main_KYPD_encoder/key_i[4]_i_1/O
                         net (fo=1, routed)           0.000     6.353    main_KYPD_encoder/key_i[4]_i_1_n_0
    SLICE_X1Y9           FDRE                                         r  main_KYPD_encoder/key_i_reg[4]/D
  -------------------------------------------------------------------    -------------------

Slack:                    inf
  Source:                 main_KYPD_encoder/timer_reg[19]/C
                            (rising edge-triggered cell FDRE)
  Destination:            main_KYPD_encoder/col_i_reg[1]/D
  Path Group:             (none)
  Path Type:              Max at Slow Process Corner
  Data Path Delay:        6.217ns  (logic 1.334ns (21.458%)  route 4.883ns (78.542%))
  Logic Levels:           6  (FDRE=1 LUT3=1 LUT4=1 LUT5=1 LUT6=2)

    Location             Delay type                Incr(ns)  Path(ns)    Netlist Resource(s)
  -------------------------------------------------------------------    -------------------
    SLICE_X4Y13          FDRE                         0.000     0.000 r  main_KYPD_encoder/timer_reg[19]/C
    SLICE_X4Y13          FDRE (Prop_fdre_C_Q)         0.456     0.456 f  main_KYPD_encoder/timer_reg[19]/Q
                         net (fo=2, routed)           1.244     1.700    main_KYPD_encoder/timer_reg[19]
    SLICE_X5Y9           LUT6 (Prop_lut6_I1_O)        0.124     1.824 f  main_KYPD_encoder/key[3]_i_4/O
                         net (fo=6, routed)           0.691     2.515    main_KYPD_encoder/key[3]_i_4_n_0
    SLICE_X3Y10          LUT5 (Prop_lut5_I4_O)        0.124     2.639 f  main_KYPD_encoder/col_i[3]_i_6/O
                         net (fo=2, routed)           0.840     3.479    main_KYPD_encoder/col_i[3]_i_6_n_0
    SLICE_X5Y11          LUT6 (Prop_lut6_I5_O)        0.124     3.603 f  main_KYPD_encoder/col_i[3]_i_2/O
                         net (fo=3, routed)           0.725     4.328    main_KYPD_encoder/col_i[3]_i_2_n_0
    SLICE_X5Y10          LUT3 (Prop_lut3_I2_O)        0.150     4.478 r  main_KYPD_encoder/col_i[1]_i_2/O
                         net (fo=2, routed)           0.818     5.296    main_KYPD_encoder/col_i[1]_i_2_n_0
    SLICE_X3Y10          LUT4 (Prop_lut4_I0_O)        0.356     5.652 r  main_KYPD_encoder/col_i[1]_i_1/O
                         net (fo=1, routed)           0.565     6.217    main_KYPD_encoder/col_i[1]_i_1_n_0
    SLICE_X3Y10          FDRE                                         r  main_KYPD_encoder/col_i_reg[1]/D
  -------------------------------------------------------------------    -------------------

Slack:                    inf
  Source:                 main_KYPD_encoder/timer_reg[16]/C
                            (rising edge-triggered cell FDRE)
  Destination:            main_KYPD_encoder/key_reg[0]/CE
  Path Group:             (none)
  Path Type:              Max at Slow Process Corner
  Data Path Delay:        5.666ns  (logic 1.182ns (20.860%)  route 4.484ns (79.140%))
  Logic Levels:           5  (FDRE=1 LUT5=1 LUT6=3)

    Location             Delay type                Incr(ns)  Path(ns)    Netlist Resource(s)
  -------------------------------------------------------------------    -------------------
    SLICE_X4Y13          FDRE                         0.000     0.000 r  main_KYPD_encoder/timer_reg[16]/C
    SLICE_X4Y13          FDRE (Prop_fdre_C_Q)         0.456     0.456 r  main_KYPD_encoder/timer_reg[16]/Q
                         net (fo=11, routed)          1.508     1.964    main_KYPD_encoder/timer_reg[16]
    SLICE_X6Y11          LUT6 (Prop_lut6_I5_O)        0.124     2.088 r  main_KYPD_encoder/timer[0]_i_7/O
                         net (fo=2, routed)           0.827     2.915    main_KYPD_encoder/timer[0]_i_7_n_0
    SLICE_X3Y11          LUT5 (Prop_lut5_I4_O)        0.152     3.067 r  main_KYPD_encoder/timer[0]_i_4/O
                         net (fo=3, routed)           0.900     3.967    main_KYPD_encoder/timer[0]_i_4_n_0
    SLICE_X2Y11          LUT6 (Prop_lut6_I4_O)        0.326     4.293 r  main_KYPD_encoder/key[3]_i_3/O
                         net (fo=7, routed)           0.603     4.896    main_KYPD_encoder/key[3]_i_3_n_0
    SLICE_X1Y10          LUT6 (Prop_lut6_I5_O)        0.124     5.020 r  main_KYPD_encoder/key[3]_i_1/O
                         net (fo=4, routed)           0.646     5.666    main_KYPD_encoder/key[3]_i_1_n_0
    SLICE_X5Y8           FDRE                                         r  main_KYPD_encoder/key_reg[0]/CE
  -------------------------------------------------------------------    -------------------

Slack:                    inf
  Source:                 main_KYPD_encoder/timer_reg[16]/C
                            (rising edge-triggered cell FDRE)
  Destination:            main_KYPD_encoder/key_reg[3]/CE
  Path Group:             (none)
  Path Type:              Max at Slow Process Corner
  Data Path Delay:        5.666ns  (logic 1.182ns (20.860%)  route 4.484ns (79.140%))
  Logic Levels:           5  (FDRE=1 LUT5=1 LUT6=3)

    Location             Delay type                Incr(ns)  Path(ns)    Netlist Resource(s)
  -------------------------------------------------------------------    -------------------
    SLICE_X4Y13          FDRE                         0.000     0.000 r  main_KYPD_encoder/timer_reg[16]/C
    SLICE_X4Y13          FDRE (Prop_fdre_C_Q)         0.456     0.456 r  main_KYPD_encoder/timer_reg[16]/Q
                         net (fo=11, routed)          1.508     1.964    main_KYPD_encoder/timer_reg[16]
    SLICE_X6Y11          LUT6 (Prop_lut6_I5_O)        0.124     2.088 r  main_KYPD_encoder/timer[0]_i_7/O
                         net (fo=2, routed)           0.827     2.915    main_KYPD_encoder/timer[0]_i_7_n_0
    SLICE_X3Y11          LUT5 (Prop_lut5_I4_O)        0.152     3.067 r  main_KYPD_encoder/timer[0]_i_4/O
                         net (fo=3, routed)           0.900     3.967    main_KYPD_encoder/timer[0]_i_4_n_0
    SLICE_X2Y11          LUT6 (Prop_lut6_I4_O)        0.326     4.293 r  main_KYPD_encoder/key[3]_i_3/O
                         net (fo=7, routed)           0.603     4.896    main_KYPD_encoder/key[3]_i_3_n_0
    SLICE_X1Y10          LUT6 (Prop_lut6_I5_O)        0.124     5.020 r  main_KYPD_encoder/key[3]_i_1/O
                         net (fo=4, routed)           0.646     5.666    main_KYPD_encoder/key[3]_i_1_n_0
    SLICE_X5Y8           FDRE                                         r  main_KYPD_encoder/key_reg[3]/CE
  -------------------------------------------------------------------    -------------------

Slack:                    inf
  Source:                 main_KYPD_encoder/timer_reg[19]/C
                            (rising edge-triggered cell FDRE)
  Destination:            main_KYPD_encoder/col_i_reg[0]/D
  Path Group:             (none)
  Path Type:              Max at Slow Process Corner
  Data Path Delay:        5.650ns  (logic 1.332ns (23.575%)  route 4.318ns (76.425%))
  Logic Levels:           6  (FDRE=1 LUT3=1 LUT5=2 LUT6=2)

    Location             Delay type                Incr(ns)  Path(ns)    Netlist Resource(s)
  -------------------------------------------------------------------    -------------------
    SLICE_X4Y13          FDRE                         0.000     0.000 r  main_KYPD_encoder/timer_reg[19]/C
    SLICE_X4Y13          FDRE (Prop_fdre_C_Q)         0.456     0.456 f  main_KYPD_encoder/timer_reg[19]/Q
                         net (fo=2, routed)           1.244     1.700    main_KYPD_encoder/timer_reg[19]
    SLICE_X5Y9           LUT6 (Prop_lut6_I1_O)        0.124     1.824 f  main_KYPD_encoder/key[3]_i_4/O
                         net (fo=6, routed)           0.691     2.515    main_KYPD_encoder/key[3]_i_4_n_0
    SLICE_X3Y10          LUT5 (Prop_lut5_I4_O)        0.124     2.639 f  main_KYPD_encoder/col_i[3]_i_6/O
                         net (fo=2, routed)           0.840     3.479    main_KYPD_encoder/col_i[3]_i_6_n_0
    SLICE_X5Y11          LUT6 (Prop_lut6_I5_O)        0.124     3.603 f  main_KYPD_encoder/col_i[3]_i_2/O
                         net (fo=3, routed)           0.725     4.328    main_KYPD_encoder/col_i[3]_i_2_n_0
    SLICE_X5Y10          LUT3 (Prop_lut3_I2_O)        0.150     4.478 r  main_KYPD_encoder/col_i[1]_i_2/O
                         net (fo=2, routed)           0.818     5.296    main_KYPD_encoder/col_i[1]_i_2_n_0
    SLICE_X3Y10          LUT5 (Prop_lut5_I4_O)        0.354     5.650 r  main_KYPD_encoder/col_i[0]_i_1/O
                         net (fo=1, routed)           0.000     5.650    main_KYPD_encoder/col_i[0]_i_1_n_0
    SLICE_X3Y10          FDRE                                         r  main_KYPD_encoder/col_i_reg[0]/D
  -------------------------------------------------------------------    -------------------

Slack:                    inf
  Source:                 main_KYPD_encoder/col_i_reg[2]/C
                            (rising edge-triggered cell FDRE)
  Destination:            kypd_cols[2]
                            (output port)
  Path Group:             (none)
  Path Type:              Max at Slow Process Corner
  Data Path Delay:        5.610ns  (logic 3.053ns (54.425%)  route 2.557ns (45.575%))
  Logic Levels:           2  (FDRE=1 OBUF=1)

    Location             Delay type                Incr(ns)  Path(ns)    Netlist Resource(s)
  -------------------------------------------------------------------    -------------------
    SLICE_X5Y11          FDRE                         0.000     0.000 r  main_KYPD_encoder/col_i_reg[2]/C
    SLICE_X5Y11          FDRE (Prop_fdre_C_Q)         0.456     0.456 r  main_KYPD_encoder/col_i_reg[2]/Q
                         net (fo=20, routed)          2.557     3.013    kypd_cols_OBUF[2]
    V13                  OBUF (Prop_obuf_I_O)         2.597     5.610 r  kypd_cols_OBUF[2]_inst/O
                         net (fo=0)                   0.000     5.610    kypd_cols[2]
    V13                                                               r  kypd_cols[2] (OUT)
  -------------------------------------------------------------------    -------------------

Slack:                    inf
  Source:                 main_KYPD_encoder/timer_reg[16]/C
                            (rising edge-triggered cell FDRE)
  Destination:            main_KYPD_encoder/key_reg[2]/CE
  Path Group:             (none)
  Path Type:              Max at Slow Process Corner
  Data Path Delay:        5.526ns  (logic 1.182ns (21.388%)  route 4.344ns (78.612%))
  Logic Levels:           5  (FDRE=1 LUT5=1 LUT6=3)

    Location             Delay type                Incr(ns)  Path(ns)    Netlist Resource(s)
  -------------------------------------------------------------------    -------------------
    SLICE_X4Y13          FDRE                         0.000     0.000 r  main_KYPD_encoder/timer_reg[16]/C
    SLICE_X4Y13          FDRE (Prop_fdre_C_Q)         0.456     0.456 r  main_KYPD_encoder/timer_reg[16]/Q
                         net (fo=11, routed)          1.508     1.964    main_KYPD_encoder/timer_reg[16]
    SLICE_X6Y11          LUT6 (Prop_lut6_I5_O)        0.124     2.088 r  main_KYPD_encoder/timer[0]_i_7/O
                         net (fo=2, routed)           0.827     2.915    main_KYPD_encoder/timer[0]_i_7_n_0
    SLICE_X3Y11          LUT5 (Prop_lut5_I4_O)        0.152     3.067 r  main_KYPD_encoder/timer[0]_i_4/O
                         net (fo=3, routed)           0.900     3.967    main_KYPD_encoder/timer[0]_i_4_n_0
    SLICE_X2Y11          LUT6 (Prop_lut6_I4_O)        0.326     4.293 r  main_KYPD_encoder/key[3]_i_3/O
                         net (fo=7, routed)           0.603     4.896    main_KYPD_encoder/key[3]_i_3_n_0
    SLICE_X1Y10          LUT6 (Prop_lut6_I5_O)        0.124     5.020 r  main_KYPD_encoder/key[3]_i_1/O
                         net (fo=4, routed)           0.506     5.526    main_KYPD_encoder/key[3]_i_1_n_0
    SLICE_X5Y9           FDRE                                         r  main_KYPD_encoder/key_reg[2]/CE
  -------------------------------------------------------------------    -------------------





Min Delay Paths
--------------------------------------------------------------------------------------
Slack:                    inf
  Source:                 main_drawer/curr_word_reg[15]/C
                            (rising edge-triggered cell FDRE)
  Destination:            main_drawer/data_out_reg/D
  Path Group:             (none)
  Path Type:              Min at Fast Process Corner
  Data Path Delay:        0.260ns  (logic 0.141ns (54.291%)  route 0.119ns (45.709%))
  Logic Levels:           1  (FDRE=1)

    Location             Delay type                Incr(ns)  Path(ns)    Netlist Resource(s)
  -------------------------------------------------------------------    -------------------
    SLICE_X0Y4           FDRE                         0.000     0.000 r  main_drawer/curr_word_reg[15]/C
    SLICE_X0Y4           FDRE (Prop_fdre_C_Q)         0.141     0.141 r  main_drawer/curr_word_reg[15]/Q
                         net (fo=1, routed)           0.119     0.260    main_drawer/p_0_in
    SLICE_X0Y5           FDRE                                         r  main_drawer/data_out_reg/D
  -------------------------------------------------------------------    -------------------

Slack:                    inf
  Source:                 main_KYPD_encoder/key_i_reg[2]/C
                            (rising edge-triggered cell FDRE)
  Destination:            main_KYPD_encoder/key_reg[2]/D
  Path Group:             (none)
  Path Type:              Min at Fast Process Corner
  Data Path Delay:        0.265ns  (logic 0.141ns (53.248%)  route 0.124ns (46.752%))
  Logic Levels:           1  (FDRE=1)

    Location             Delay type                Incr(ns)  Path(ns)    Netlist Resource(s)
  -------------------------------------------------------------------    -------------------
    SLICE_X3Y9           FDRE                         0.000     0.000 r  main_KYPD_encoder/key_i_reg[2]/C
    SLICE_X3Y9           FDRE (Prop_fdre_C_Q)         0.141     0.141 r  main_KYPD_encoder/key_i_reg[2]/Q
                         net (fo=2, routed)           0.124     0.265    main_KYPD_encoder/key_i_reg_n_0_[2]
    SLICE_X5Y9           FDRE                                         r  main_KYPD_encoder/key_reg[2]/D
  -------------------------------------------------------------------    -------------------

Slack:                    inf
  Source:                 main_drawer/curr_word_reg[11]/C
                            (rising edge-triggered cell FDRE)
  Destination:            main_drawer/curr_word_reg[12]/D
  Path Group:             (none)
  Path Type:              Min at Fast Process Corner
  Data Path Delay:        0.265ns  (logic 0.164ns (61.886%)  route 0.101ns (38.114%))
  Logic Levels:           1  (FDRE=1)

    Location             Delay type                Incr(ns)  Path(ns)    Netlist Resource(s)
  -------------------------------------------------------------------    -------------------
    SLICE_X2Y3           FDRE                         0.000     0.000 r  main_drawer/curr_word_reg[11]/C
    SLICE_X2Y3           FDRE (Prop_fdre_C_Q)         0.164     0.164 r  main_drawer/curr_word_reg[11]/Q
                         net (fo=1, routed)           0.101     0.265    main_drawer/curr_word_reg_n_0_[11]
    SLICE_X0Y3           FDRE                                         r  main_drawer/curr_word_reg[12]/D
  -------------------------------------------------------------------    -------------------

Slack:                    inf
  Source:                 main_drawer/curr_word_reg[5]/C
                            (rising edge-triggered cell FDRE)
  Destination:            main_drawer/curr_word_reg[6]/D
  Path Group:             (none)
  Path Type:              Min at Fast Process Corner
  Data Path Delay:        0.277ns  (logic 0.164ns (59.205%)  route 0.113ns (40.795%))
  Logic Levels:           1  (FDRE=1)

    Location             Delay type                Incr(ns)  Path(ns)    Netlist Resource(s)
  -------------------------------------------------------------------    -------------------
    SLICE_X6Y4           FDRE                         0.000     0.000 r  main_drawer/curr_word_reg[5]/C
    SLICE_X6Y4           FDRE (Prop_fdre_C_Q)         0.164     0.164 r  main_drawer/curr_word_reg[5]/Q
                         net (fo=1, routed)           0.113     0.277    main_drawer/curr_word_reg_n_0_[5]
    SLICE_X7Y4           FDRE                                         r  main_drawer/curr_word_reg[6]/D
  -------------------------------------------------------------------    -------------------

Slack:                    inf
  Source:                 main_KYPD_encoder/key_i_reg[3]/C
                            (rising edge-triggered cell FDRE)
  Destination:            main_KYPD_encoder/key_reg[3]/D
  Path Group:             (none)
  Path Type:              Min at Fast Process Corner
  Data Path Delay:        0.292ns  (logic 0.164ns (56.194%)  route 0.128ns (43.806%))
  Logic Levels:           1  (FDRE=1)

    Location             Delay type                Incr(ns)  Path(ns)    Netlist Resource(s)
  -------------------------------------------------------------------    -------------------
    SLICE_X2Y8           FDRE                         0.000     0.000 r  main_KYPD_encoder/key_i_reg[3]/C
    SLICE_X2Y8           FDRE (Prop_fdre_C_Q)         0.164     0.164 r  main_KYPD_encoder/key_i_reg[3]/Q
                         net (fo=2, routed)           0.128     0.292    main_KYPD_encoder/key_i_reg_n_0_[3]
    SLICE_X5Y8           FDRE                                         r  main_KYPD_encoder/key_reg[3]/D
  -------------------------------------------------------------------    -------------------

Slack:                    inf
  Source:                 main_drawer/curr_word_reg[6]/C
                            (rising edge-triggered cell FDRE)
  Destination:            main_drawer/curr_word_reg[7]/D
  Path Group:             (none)
  Path Type:              Min at Fast Process Corner
  Data Path Delay:        0.311ns  (logic 0.141ns (45.298%)  route 0.170ns (54.702%))
  Logic Levels:           1  (FDRE=1)

    Location             Delay type                Incr(ns)  Path(ns)    Netlist Resource(s)
  -------------------------------------------------------------------    -------------------
    SLICE_X7Y4           FDRE                         0.000     0.000 r  main_drawer/curr_word_reg[6]/C
    SLICE_X7Y4           FDRE (Prop_fdre_C_Q)         0.141     0.141 r  main_drawer/curr_word_reg[6]/Q
                         net (fo=1, routed)           0.170     0.311    main_drawer/curr_word_reg_n_0_[6]
    SLICE_X7Y4           FDRE                                         r  main_drawer/curr_word_reg[7]/D
  -------------------------------------------------------------------    -------------------

Slack:                    inf
  Source:                 main_drawer/curr_word_reg[14]/C
                            (rising edge-triggered cell FDRE)
  Destination:            main_drawer/curr_word_reg[15]/D
  Path Group:             (none)
  Path Type:              Min at Fast Process Corner
  Data Path Delay:        0.313ns  (logic 0.141ns (45.034%)  route 0.172ns (54.966%))
  Logic Levels:           1  (FDRE=1)

    Location             Delay type                Incr(ns)  Path(ns)    Netlist Resource(s)
  -------------------------------------------------------------------    -------------------
    SLICE_X0Y4           FDRE                         0.000     0.000 r  main_drawer/curr_word_reg[14]/C
    SLICE_X0Y4           FDRE (Prop_fdre_C_Q)         0.141     0.141 r  main_drawer/curr_word_reg[14]/Q
                         net (fo=1, routed)           0.172     0.313    main_drawer/curr_word_reg_n_0_[14]
    SLICE_X0Y4           FDRE                                         r  main_drawer/curr_word_reg[15]/D
  -------------------------------------------------------------------    -------------------

Slack:                    inf
  Source:                 main_drawer/curr_word_reg[13]/C
                            (rising edge-triggered cell FDRE)
  Destination:            main_drawer/curr_word_reg[14]/D
  Path Group:             (none)
  Path Type:              Min at Fast Process Corner
  Data Path Delay:        0.315ns  (logic 0.141ns (44.783%)  route 0.174ns (55.217%))
  Logic Levels:           1  (FDRE=1)

    Location             Delay type                Incr(ns)  Path(ns)    Netlist Resource(s)
  -------------------------------------------------------------------    -------------------
    SLICE_X0Y4           FDRE                         0.000     0.000 r  main_drawer/curr_word_reg[13]/C
    SLICE_X0Y4           FDRE (Prop_fdre_C_Q)         0.141     0.141 r  main_drawer/curr_word_reg[13]/Q
                         net (fo=1, routed)           0.174     0.315    main_drawer/curr_word_reg_n_0_[13]
    SLICE_X0Y4           FDRE                                         r  main_drawer/curr_word_reg[14]/D
  -------------------------------------------------------------------    -------------------

Slack:                    inf
  Source:                 grid_reg[6]/C
                            (rising edge-triggered cell FDCE)
  Destination:            main_drawer/curr_word_reg[4]/D
  Path Group:             (none)
  Path Type:              Min at Fast Process Corner
  Data Path Delay:        0.321ns  (logic 0.209ns (65.130%)  route 0.112ns (34.870%))
  Logic Levels:           2  (FDCE=1 LUT6=1)

    Location             Delay type                Incr(ns)  Path(ns)    Netlist Resource(s)
  -------------------------------------------------------------------    -------------------
    SLICE_X6Y6           FDCE                         0.000     0.000 r  grid_reg[6]/C
    SLICE_X6Y6           FDCE (Prop_fdce_C_Q)         0.164     0.164 r  grid_reg[6]/Q
                         net (fo=2, routed)           0.112     0.276    main_drawer/Q[6]
    SLICE_X4Y5           LUT6 (Prop_lut6_I1_O)        0.045     0.321 r  main_drawer/curr_word[4]_i_1/O
                         net (fo=1, routed)           0.000     0.321    main_drawer/curr_word[4]_i_1_n_0
    SLICE_X4Y5           FDRE                                         r  main_drawer/curr_word_reg[4]/D
  -------------------------------------------------------------------    -------------------

Slack:                    inf
  Source:                 main_KYPD_encoder/key_i_reg[1]/C
                            (rising edge-triggered cell FDRE)
  Destination:            main_KYPD_encoder/key_reg[1]/D
  Path Group:             (none)
  Path Type:              Min at Fast Process Corner
  Data Path Delay:        0.325ns  (logic 0.141ns (43.348%)  route 0.184ns (56.652%))
  Logic Levels:           1  (FDRE=1)

    Location             Delay type                Incr(ns)  Path(ns)    Netlist Resource(s)
  -------------------------------------------------------------------    -------------------
    SLICE_X3Y9           FDRE                         0.000     0.000 r  main_KYPD_encoder/key_i_reg[1]/C
    SLICE_X3Y9           FDRE (Prop_fdre_C_Q)         0.141     0.141 r  main_KYPD_encoder/key_i_reg[1]/Q
                         net (fo=2, routed)           0.184     0.325    main_KYPD_encoder/key_i_reg_n_0_[1]
    SLICE_X3Y8           FDRE                                         r  main_KYPD_encoder/key_reg[1]/D
  -------------------------------------------------------------------    -------------------





