Copyright 1986-2022 Xilinx, Inc. All Rights Reserved. Copyright 2022-2023 Advanced Micro Devices, Inc. All Rights Reserved.
---------------------------------------------------------------------------------------------------------------------------------------------
| Tool Version : Vivado v.2023.2 (lin64) Build 4029153 Fri Oct 13 20:13:54 MDT 2023
| Date         : Sat Mar 14 17:40:35 2026
| Host         : muxen2-111.ad.liu.se running 64-bit Red Hat Enterprise Linux release 8.10 (Ootpa)
| Command      : report_control_sets -verbose -file tt_um_aromo613harwo861hamse755arvno337_control_sets_placed.rpt
| Design       : tt_um_aromo613harwo861hamse755arvno337
| Device       : xc7a35t
---------------------------------------------------------------------------------------------------------------------------------------------

Control Set Information

Table of Contents
-----------------
1. Summary
2. Histogram
3. Flip-Flop Distribution
4. Detailed Control Set Information

1. Summary
----------

+----------------------------------------------------------+-------+
|                          Status                          | Count |
+----------------------------------------------------------+-------+
| Total control sets                                       |     7 |
|    Minimum number of control sets                        |     7 |
|    Addition due to synthesis replication                 |     0 |
|    Addition due to physical synthesis replication        |     0 |
| Unused register locations in slices containing registers |    25 |
+----------------------------------------------------------+-------+
* Control sets can be merged at opt_design using control_set_merge or merge_equivalent_drivers
** Run report_qor_suggestions for automated merging and remapping suggestions


2. Histogram
------------

+--------------------+-------+
|       Fanout       | Count |
+--------------------+-------+
| Total control sets |     7 |
| >= 0 to < 4        |     1 |
| >= 4 to < 6        |     2 |
| >= 6 to < 8        |     0 |
| >= 8 to < 10       |     0 |
| >= 10 to < 12      |     1 |
| >= 12 to < 14      |     0 |
| >= 14 to < 16      |     0 |
| >= 16              |     3 |
+--------------------+-------+
* Control sets can be remapped at either synth_design or opt_design


3. Flip-Flop Distribution
-------------------------

+--------------+-----------------------+------------------------+-----------------+--------------+
| Clock Enable | Synchronous Set/Reset | Asynchronous Set/Reset | Total Registers | Total Slices |
+--------------+-----------------------+------------------------+-----------------+--------------+
| No           | No                    | No                     |              23 |           10 |
| No           | No                    | Yes                    |               0 |            0 |
| No           | Yes                   | No                     |              31 |            8 |
| Yes          | No                    | No                     |               8 |            4 |
| Yes          | No                    | Yes                    |              16 |            5 |
| Yes          | Yes                   | No                     |               1 |            1 |
+--------------+-----------------------+------------------------+-----------------+--------------+


4. Detailed Control Set Information
-----------------------------------

+------------------------+------------------------------------+------------------------------+------------------+----------------+--------------+
|      Clock Signal      |            Enable Signal           |       Set/Reset Signal       | Slice Load Count | Bel Load Count | Bels / Slice |
+------------------------+------------------------------------+------------------------------+------------------+----------------+--------------+
|  display_clk_OBUF_BUFG | main_drawer/p_1_in                 | main_drawer/data_out_i_1_n_0 |                1 |              1 |         1.00 |
|  display_clk_OBUF_BUFG | main_KYPD_encoder/key[3]_i_1_n_0   |                              |                1 |              4 |         4.00 |
|  display_clk_OBUF_BUFG | main_KYPD_encoder/key_i[3]_i_1_n_0 |                              |                3 |              4 |         1.33 |
|  display_clk_OBUF_BUFG |                                    | main_drawer/get_word         |                3 |             11 |         3.67 |
|  display_clk_OBUF_BUFG | main_KYPD_encoder/E[0]             | rst_n_IBUF                   |                5 |             16 |         3.20 |
|  display_clk_OBUF_BUFG |                                    | main_KYPD_encoder/timer0     |                5 |             20 |         4.00 |
|  display_clk_OBUF_BUFG |                                    |                              |               10 |             23 |         2.30 |
+------------------------+------------------------------------+------------------------------+------------------+----------------+--------------+


